#
# A fatal error has been detected by the Java Runtime Environment:
#
#  SIGSEGV (0xb) at pc=0x00007f0fc16a6c91, pid=5728, tid=139704203110672
#
# JRE version: 6.0_22-b04
# Java VM: Java HotSpot(TM) 64-Bit Server VM (17.1-b03 mixed mode linux-amd64 )
# Problematic frame:
# V  [libjvm.so+0x2cbc91]
#
# If you would like to submit a bug report, please visit:
#   http://java.sun.com/webapps/bugreport/crash.jsp
#

---------------  T H R E A D  ---------------

Current thread (0x0000000040a89000):  ConcurrentGCThread [stack: 0x0000000000000000,0x0000000000000000] [id=5740]

siginfo:si_signo=SIGSEGV: si_errno=0, si_code=128 (), si_addr=0x0000000000000000

Registers:
RAX=0x00007f0fc1d0ec10, RBX=0x0000000040a85e30, RCX=0x0000000000000000, RDX=0x0019200900181f09
RSP=0x00007f0f6b665d70, RBP=0x00007f0f6b665d90, RSI=0x00007f0fc1d16430, RDI=0x0019200900181f19
R8 =0x00007f0fc1d16430, R9 =0x00000000027a0000, R10=0x00007f0f6b665e80, R11=0x00000000027c5803
R12=0x0000000040a88430, R13=0x00007f0f6b665e80, R14=0x00007f0f8a912b20, R15=0x00007f0f6b665e80
RIP=0x00007f0fc16a6c91, EFL=0x0000000000010246, CSGSFS=0x0000000000000033, ERR=0x0000000000000000
  TRAPNO=0x000000000000000d

Top of Stack: (sp=0x00007f0f6b665d70)
0x00007f0f6b665d70:   00000000027a2564 000000000009e895
0x00007f0f6b665d80:   00000000027c5803 0000000040a85eb8
0x00007f0f6b665d90:   00007f0f6b665dd0 00007f0fc160556b
0x00007f0f6b665da0:   000000000009f161 0000000000000008
0x00007f0f6b665db0:   0000000040a88430 00007f0f6b665e80
0x00007f0f6b665dc0:   00007f0fc1d0eb90 0000000040a88548
0x00007f0f6b665dd0:   00007f0f6b665de0 00007f0fc169f37f
0x00007f0f6b665de0:   00007f0f6b665ee0 00007f0fc16a55a2
0x00007f0f6b665df0:   40110e5604188000 431bde82d7b634db
0x00007f0f6b665e00:   0000000040a8a450 00007f0fc2402644
0x00007f0f6b665e10:   3fe0000000000000 3fdc91b3aa31e5dc
0x00007f0f6b665e20:   4024000000000000 0000000000000003
0x00007f0f6b665e30:   00007f0f8a900000 0000000000025803
0x00007f0f6b665e40:   00007f0f8a900000 0000000000025803
0x00007f0f6b665e50:   00007f0fc1d0eb90 00007f0fc19a9b00
0x00007f0f6b665e60:   0000000000000000 0000000040a31500
0x00007f0f6b665e70:   0000000040a85df0 0000000040a88430
0x00007f0f6b665e80:   00007f0fc1d0ec10 0000000040a85e30
0x00007f0f6b665e90:   0000000040a85df0 0000000040a88430
0x00007f0f6b665ea0:   0000000040a88301 0000000040a88430
0x00007f0f6b665eb0:   00007f0f6b665ee0 0000000040a883b0
0x00007f0f6b665ec0:   0000000040a88430 00007f0f6bb6adc0
0x00007f0f6b665ed0:   0000000000000000 0000000000000000
0x00007f0f6b665ee0:   00007f0f6b665f30 00007f0fc16a5cb3
0x00007f0f6b665ef0:   3f71782d38474000 4054c7e5d5b24e9c
0x00007f0f6b665f00:   4054c7e5c4eb56fb 0000000000000000
0x00007f0f6b665f10:   0000000040a88c20 0000000040a89000
0x00007f0f6b665f20:   00007f0f6b665f50 0000000000000007
0x00007f0f6b665f30:   00007f0f6b665f90 00007f0fc1b2049d
0x00007f0f6b665f40:   0000000040a88c20 00007f0fc1ad1e89
0x00007f0f6b665f50:   0000000040a89000 00007f0f6bb6adc0
0x00007f0f6b665f60:   00007f0f00000002 00007f0fc19cae75 

Instructions: (pc=0x00007f0fc16a6c91)
0x00007f0fc16a6c81:   8b 56 08 8b 4f 08 48 d3 e2 48 03 17 48 8d 7a 10
0x00007f0fc16a6c91:   8b 5f 08 89 d8 c1 f8 03 85 db 0f 8e a5 00 00 00 

Stack: [0x0000000000000000,0x0000000000000000],  sp=0x00007f0f6b665d70,  free space=c3dad9970000000000000018k
Native frames: (J=compiled Java code, j=interpreted, Vv=VM code, C=native code)
V  [libjvm.so+0x2cbc91]
V  [libjvm.so+0x22a56b]
V  [libjvm.so+0x2c437f]
V  [libjvm.so+0x2ca5a2]
V  [libjvm.so+0x2cacb3]
V  [libjvm.so+0x74549d]
V  [libjvm.so+0x7453b4]
V  [libjvm.so+0x5f816f]


---------------  P R O C E S S  ---------------

Java Threads: ( => current thread )
  0x00007f0fb80ca800 JavaThread "video" [_thread_blocked, id=5804, stack(0x00007f0f601d8000,0x00007f0f602d9000)]
  0x00007f0f64a7f800 JavaThread "gui" [_thread_blocked, id=5794, stack(0x00007f0f63dfe000,0x00007f0f63eff000)]
  0x00007f0f6403e800 JavaThread "audio" [_thread_blocked, id=5793, stack(0x00007f0f6381c000,0x00007f0f6391d000)]
  0x000000004128c800 JavaThread "Java Sound Event Dispatcher" daemon [_thread_blocked, id=5790, stack(0x00007f0f631d9000,0x00007f0f632da000)]
  0x0000000041093000 JavaThread "Thread-2" [_thread_blocked, id=5788, stack(0x00007f0f6812e000,0x00007f0f6822f000)]
  0x000000004132c800 JavaThread "TimerQueue" daemon [_thread_blocked, id=5767, stack(0x00007f0f6802d000,0x00007f0f6812e000)]
  0x00007f0f6402e000 JavaThread "_sys_170d9151" [_thread_blocked, id=5766, stack(0x00007f0f63bfc000,0x00007f0f63cfd000)]
  0x00007f0f6475c000 JavaThread "_sys_75d709a5" [_thread_blocked, id=5765, stack(0x00007f0f63cfd000,0x00007f0f63dfe000)]
  0x00007f0f64049000 JavaThread "_sys_4ccd43ce" [_thread_blocked, id=5764, stack(0x00007f0f6a38b000,0x00007f0f6a48c000)]
  0x0000000040a1f800 JavaThread "DestroyJavaVM" [_thread_blocked, id=5729, stack(0x00007f0fc1056000,0x00007f0fc1157000)]
  0x00007f0fb8117000 JavaThread "PRAXIS_HUB_THREAD" [_thread_blocked, id=5762, stack(0x00007f0f63eff000,0x00007f0f64000000)]
  0x00007f0fb82b0800 JavaThread "AWT-EventQueue-0" [_thread_blocked, id=5759, stack(0x00007f0f68330000,0x00007f0f68431000)]
  0x00007f0fb829f000 JavaThread "AWT-Shutdown" [_thread_blocked, id=5758, stack(0x00007f0f68431000,0x00007f0f68532000)]
  0x00007f0fb828f000 JavaThread "AWT-XAWT" daemon [_thread_in_native, id=5757, stack(0x00007f0f6871a000,0x00007f0f6881b000)]
  0x0000000040d97000 JavaThread "Java2D Disposer" daemon [_thread_blocked, id=5756, stack(0x00007f0f68e51000,0x00007f0f68f52000)]
  0x0000000040d49800 JavaThread "Inactive RequestProcessor thread [Was:TimedSoftReference/org.openide.util.TimedSoftReference]" daemon [_thread_blocked, id=5754, stack(0x00007f0f6a48c000,0x00007f0f6a58d000)]
  0x00007f0fb8153000 JavaThread "CLI Requests Server" daemon [_thread_in_native, id=5753, stack(0x00007f0f6a58d000,0x00007f0f6a68e000)]
  0x0000000040b6c000 JavaThread "Active Reference Queue Daemon" daemon [_thread_blocked, id=5752, stack(0x00007f0f6a7a5000,0x00007f0f6a8a6000)]
  0x0000000040b65000 JavaThread "Timer-0" daemon [_thread_blocked, id=5751, stack(0x00007f0f6a8a6000,0x00007f0f6a9a7000)]
  0x00007f0fb802c800 JavaThread "Low Memory Detector" daemon [_thread_blocked, id=5749, stack(0x00007f0f6aac5000,0x00007f0f6abc6000)]
  0x00007f0fb8029800 JavaThread "CompilerThread1" daemon [_thread_blocked, id=5748, stack(0x00007f0f6abc6000,0x00007f0f6acc7000)]
  0x00007f0fb8027000 JavaThread "CompilerThread0" daemon [_thread_blocked, id=5747, stack(0x00007f0f6acc7000,0x00007f0f6adc8000)]
  0x00007f0fb8025000 JavaThread "Signal Dispatcher" daemon [_thread_blocked, id=5746, stack(0x00007f0f6adc8000,0x00007f0f6aec9000)]
  0x00007f0fb8023000 JavaThread "Surrogate Locker Thread (CMS)" daemon [_thread_blocked, id=5745, stack(0x00007f0f6aec9000,0x00007f0f6afca000)]
  0x00007f0fb8001000 JavaThread "Finalizer" daemon [_thread_blocked, id=5744, stack(0x00007f0f6afca000,0x00007f0f6b0cb000)]
  0x0000000040b3c000 JavaThread "Reference Handler" daemon [_thread_blocked, id=5743, stack(0x00007f0f6b0cb000,0x00007f0f6b1cc000)]

Other Threads:
  0x0000000040b37000 VMThread [stack: 0x00007f0f6b1cc000,0x00007f0f6b2cd000] [id=5742]
  0x0000000040b4d800 WatcherThread [stack: 0x00007f0f6a9c4000,0x00007f0f6aac5000] [id=5750]

=>0x0000000040a89000 (exited) ConcurrentGCThread [stack: 0x0000000000000000,0x0000000000000000] [id=5740]

VM state:not at safepoint (normal execution)

VM Mutex/Monitor currently owned by a thread: None

Heap
 garbage-first heap   total 863232K, used 476091K [0x00007f0f76c00000, 0x00007f0fab700000, 0x00007f0fb2a00000)
  region size 1024K, 2 young (2048K), 1 survivors (1024K)
 compacting perm gen  total 28672K, used 28555K [0x00007f0fb2a00000, 0x00007f0fb4600000, 0x00007f0fb7e00000)
   the space 28672K,  99% used [0x00007f0fb2a00000, 0x00007f0fb45e2cb0, 0x00007f0fb45e2e00, 0x00007f0fb4600000)
No shared spaces configured.

Dynamic libraries:
40000000-40009000 r-xp 00000000 08:06 1314298                            /usr/lib/jvm/java-6-sun-1.6.0.22/jre/bin/java
40108000-4010a000 rwxp 00008000 08:06 1314298                            /usr/lib/jvm/java-6-sun-1.6.0.22/jre/bin/java
40a15000-4160c000 rwxp 00000000 00:00 0                                  [heap]
7f0f5ff7a000-7f0f600a6000 rwxs 00000000 00:09 19267662                   /SYSV00000000 (deleted)
7f0f600a6000-7f0f600d2000 r-xp 00000000 08:06 1314445                    /usr/lib/jvm/java-6-sun-1.6.0.22/jre/lib/amd64/libjpeg.so
7f0f600d2000-7f0f601d2000 ---p 0002c000 08:06 1314445                    /usr/lib/jvm/java-6-sun-1.6.0.22/jre/lib/amd64/libjpeg.so
7f0f601d2000-7f0f601d8000 rwxp 0002c000 08:06 1314445                    /usr/lib/jvm/java-6-sun-1.6.0.22/jre/lib/amd64/libjpeg.so
7f0f601d8000-7f0f601db000 ---p 00000000 00:00 0 
7f0f601db000-7f0f602d9000 rwxp 00000000 00:00 0 
7f0f602d9000-7f0f602dc000 ---p 00000000 00:00 0 
7f0f602dc000-7f0f6035a000 rwxp 00000000 00:00 0 
7f0f6035a000-7f0f6035b000 ---p 00000000 00:00 0 
7f0f6035b000-7f0f60b5b000 rwxp 00000000 00:00 0 
7f0f60b5b000-7f0f60b6d000 r-xp 00000000 08:06 3655                       /usr/lib/libcelt.so.0.0.0
7f0f60b6d000-7f0f60d6c000 ---p 00012000 08:06 3655                       /usr/lib/libcelt.so.0.0.0
7f0f60d6c000-7f0f60d6d000 r-xp 00011000 08:06 3655                       /usr/lib/libcelt.so.0.0.0
7f0f60d6d000-7f0f60d6e000 rwxp 00012000 08:06 3655                       /usr/lib/libcelt.so.0.0.0
7f0f60d6e000-7f0f60ed9000 r-xp 00000000 08:06 4496                       /usr/lib/libsamplerate.so.0.1.7
7f0f60ed9000-7f0f610d8000 ---p 0016b000 08:06 4496                       /usr/lib/libsamplerate.so.0.1.7
7f0f610d8000-7f0f610d9000 r-xp 0016a000 08:06 4496                       /usr/lib/libsamplerate.so.0.1.7
7f0f610d9000-7f0f610da000 rwxp 0016b000 08:06 4496                       /usr/lib/libsamplerate.so.0.1.7
7f0f610da000-7f0f610ec000 r-xp 00000000 08:06 4184                       /usr/lib/libjack.so.0.0.28
7f0f610ec000-7f0f612eb000 ---p 00012000 08:06 4184                       /usr/lib/libjack.so.0.0.28
7f0f612eb000-7f0f612ec000 r-xp 00011000 08:06 4184                       /usr/lib/libjack.so.0.0.28
7f0f612ec000-7f0f612ee000 rwxp 00012000 08:06 4184                       /usr/lib/libjack.so.0.0.28
7f0f612ee000-7f0f612f6000 rwxp 00000000 00:00 0 
7f0f612f6000-7f0f61407000 rwxs 00000000 00:09 19103813                   /SYSV00000000 (deleted)
7f0f61407000-7f0f6141f000 r-xp 00000000 08:06 1123                       /tmp/jna4406435811170115659.tmp
7f0f6141f000-7f0f6151e000 ---p 00018000 08:06 1123                       /tmp/jna4406435811170115659.tmp
7f0f6151e000-7f0f6151f000 rwxp 00017000 08:06 1123                       /tmp/jna4406435811170115659.tmp
7f0f6151f000-7f0f61520000 rwxp 00000000 00:00 0 
7f0f61520000-7f0f61525000 r-xp 00000000 08:06 4358                       /usr/lib/libogg.so.0.6.0
7f0f61525000-7f0f61724000 ---p 00005000 08:06 4358                       /usr/lib/libogg.so.0.6.0
7f0f61724000-7f0f61725000 r-xp 00004000 08:06 4358                       /usr/lib/libogg.so.0.6.0
7f0f61725000-7f0f61726000 rwxp 00005000 08:06 4358                       /usr/lib/libogg.so.0.6.0
7f0f61726000-7f0f61745000 r-xp 00000000 08:06 4460                       /usr/lib/libvorbis.so.0.4.0
7f0f61745000-7f0f61944000 ---p 0001f000 08:06 4460                       /usr/lib/libvorbis.so.0.4.0
7f0f61944000-7f0f61945000 r-xp 0001e000 08:06 4460                       /usr/lib/libvorbis.so.0.4.0
7f0f61945000-7f0f61953000 rwxp 0001f000 08:06 4460                       /usr/lib/libvorbis.so.0.4.0
7f0f61953000-7f0f6196d000 r-xp 00000000 08:06 4462                       /usr/lib/libvorbisenc.so.2.0.3
7f0f6196d000-7f0f61b6c000 ---p 0001a000 08:06 4462                       /usr/lib/libvorbisenc.so.2.0.3
7f0f61b6c000-7f0f61b6d000 r-xp 00019000 08:06 4462                       /usr/lib/libvorbisenc.so.2.0.3
7f0f61b6d000-7f0f61d2d000 rwxp 0001a000 08:06 4462                       /usr/lib/libvorbisenc.so.2.0.3
7f0f61d2d000-7f0f61d76000 r-xp 00000000 08:06 3429                       /usr/lib/libFLAC.so.8.2.0
7f0f61d76000-7f0f61f76000 ---p 00049000 08:06 3429                       /usr/lib/libFLAC.so.8.2.0
7f0f61f76000-7f0f61f77000 r-xp 00049000 08:06 3429                       /usr/lib/libFLAC.so.8.2.0
7f0f61f77000-7f0f61f78000 rwxp 0004a000 08:06 3429                       /usr/lib/libFLAC.so.8.2.0
7f0f61f78000-7f0f61f7b000 r-xp 00000000 08:06 606                        /lib/libuuid.so.1.3.0
7f0f61f7b000-7f0f6217b000 ---p 00003000 08:06 606                        /lib/libuuid.so.1.3.0
7f0f6217b000-7f0f6217c000 r-xp 00003000 08:06 606                        /lib/libuuid.so.1.3.0
7f0f6217c000-7f0f6217d000 rwxp 00004000 08:06 606                        /lib/libuuid.so.1.3.0
7f0f6217d000-7f0f621ba000 r-xp 00000000 08:06 493                        /lib/libdbus-1.so.3.4.0
7f0f621ba000-7f0f623ba000 ---p 0003d000 08:06 493                        /lib/libdbus-1.so.3.4.0
7f0f623ba000-7f0f623bb000 r-xp 0003d000 08:06 493                        /lib/libdbus-1.so.3.4.0
7f0f623bb000-7f0f623bc000 rwxp 0003e000 08:06 493                        /lib/libdbus-1.so.3.4.0
7f0f623bc000-7f0f62418000 r-xp 00000000 08:06 4528                       /usr/lib/libsndfile.so.1.0.20
7f0f62418000-7f0f62617000 ---p 0005c000 08:06 4528                       /usr/lib/libsndfile.so.1.0.20
7f0f62617000-7f0f62619000 r-xp 0005b000 08:06 4528                       /usr/lib/libsndfile.so.1.0.20
7f0f62619000-7f0f6261a000 rwxp 0005d000 08:06 4528                       /usr/lib/libsndfile.so.1.0.20
7f0f6261a000-7f0f6261e000 rwxp 00000000 00:00 0 
7f0f6261e000-7f0f62627000 r-xp 00000000 08:06 608                        /lib/libwrap.so.0.7.6
7f0f62627000-7f0f62826000 ---p 00009000 08:06 608                        /lib/libwrap.so.0.7.6
7f0f62826000-7f0f62827000 r-xp 00008000 08:06 608                        /lib/libwrap.so.0.7.6
7f0f62827000-7f0f62828000 rwxp 00009000 08:06 608                        /lib/libwrap.so.0.7.6
7f0f62828000-7f0f62829000 rwxp 00000000 00:00 0 
7f0f62829000-7f0f62831000 r-xp 00000000 08:06 3475                       /usr/lib/libSM.so.6.0.0
7f0f62831000-7f0f62a30000 ---p 00008000 08:06 3475                       /usr/lib/libSM.so.6.0.0
7f0f62a30000-7f0f62a31000 r-xp 00007000 08:06 3475                       /usr/lib/libSM.so.6.0.0
7f0f62a31000-7f0f62a32000 rwxp 00008000 08:06 3475                       /usr/lib/libSM.so.6.0.0
7f0f62a32000-7f0f62a49000 r-xp 00000000 08:06 3446                       /usr/lib/libICE.so.6.3.0
7f0f62a49000-7f0f62c48000 ---p 00017000 08:06 3446                       /usr/lib/libICE.so.6.3.0
7f0f62c48000-7f0f62c49000 r-xp 00016000 08:06 3446                       /usr/lib/libICE.so.6.3.0
7f0f62c49000-7f0f62c4a000 rwxp 00017000 08:06 3446                       /usr/lib/libICE.so.6.3.0
7f0f62c4a000-7f0f62c4d000 rwxp 00000000 00:00 0 
7f0f62c4d000-7f0f62c97000 r-xp 00000000 08:06 3351                       /usr/lib/libpulsecommon-0.9.19.so
7f0f62c97000-7f0f62e96000 ---p 0004a000 08:06 3351                       /usr/lib/libpulsecommon-0.9.19.so
7f0f62e96000-7f0f62e97000 r-xp 00049000 08:06 3351                       /usr/lib/libpulsecommon-0.9.19.so
7f0f62e97000-7f0f62e98000 rwxp 0004a000 08:06 3351                       /usr/lib/libpulsecommon-0.9.19.so
7f0f62e98000-7f0f62ed6000 r-xp 00000000 08:06 2576                       /usr/lib/libpulse.so.0.12.0
7f0f62ed6000-7f0f630d6000 ---p 0003e000 08:06 2576                       /usr/lib/libpulse.so.0.12.0
7f0f630d6000-7f0f630d7000 r-xp 0003e000 08:06 2576                       /usr/lib/libpulse.so.0.12.0
7f0f630d7000-7f0f630d8000 rwxp 0003f000 08:06 2576                       /usr/lib/libpulse.so.0.12.0
7f0f630e4000-7f0f630e5000 rwxs 00000000 08:06 1991                       /tmp/ffiGExsA5 (deleted)
7f0f630e5000-7f0f630e6000 r-xs 00000000 08:06 1991                       /tmp/ffiGExsA5 (deleted)
7f0f630e6000-7f0f63106000 rwxs 00000000 00:09 18579514                   /SYSV00000000 (deleted)
7f0f63106000-7f0f63126000 rwxs 00000000 00:09 18546745                   /SYSV00000000 (deleted)
7f0f63126000-7f0f63127000 rwxs 00000000 00:09 19169357                   /SYSV00000000 (deleted)
7f0f63127000-7f0f63160000 rwxs 00000000 00:09 18513976                   /SYSV00000000 (deleted)
7f0f63160000-7f0f63180000 rwxs 00000000 00:09 18579514                   /SYSV00000000 (deleted)
7f0f63180000-7f0f631a0000 rwxs 00000000 00:09 18546745                   /SYSV00000000 (deleted)
7f0f631a0000-7f0f631d9000 rwxs 00000000 00:09 18513976                   /SYSV00000000 (deleted)
7f0f631d9000-7f0f631dc000 ---p 00000000 00:00 0 
7f0f631dc000-7f0f632da000 rwxp 00000000 00:00 0 
7f0f632da000-7f0f633b4000 r-xp 00000000 08:06 3318                       /usr/lib/libasound.so.2.0.0
7f0f633b4000-7f0f635b3000 ---p 000da000 08:06 3318                       /usr/lib/libasound.so.2.0.0
7f0f635b3000-7f0f635b9000 r-xp 000d9000 08:06 3318                       /usr/lib/libasound.so.2.0.0
7f0f635b9000-7f0f635ba000 rwxp 000df000 08:06 3318                       /usr/lib/libasound.so.2.0.0
7f0f635d6000-7f0f635e4000 r-xp 00000000 08:06 1314419                    /usr/lib/jvm/java-6-sun-1.6.0.22/jre/lib/amd64/libjsoundalsa.so
7f0f635e4000-7f0f636e3000 ---p 0000e000 08:06 1314419                    /usr/lib/jvm/java-6-sun-1.6.0.22/jre/lib/amd64/libjsoundalsa.so
7f0f636e3000-7f0f636e6000 rwxp 0000d000 08:06 1314419                    /usr/lib/jvm/java-6-sun-1.6.0.22/jre/lib/amd64/libjsoundalsa.so
7f0f636e6000-7f0f63712000 r-xp 00000000 08:06 1314426                    /usr/lib/jvm/java-6-sun-1.6.0.22/jre/lib/amd64/libjsound.so
7f0f63712000-7f0f63812000 ---p 0002c000 08:06 1314426                    /usr/lib/jvm/java-6-sun-1.6.0.22/jre/lib/amd64/libjsound.so
7f0f63812000-7f0f6381a000 rwxp 0002c000 08:06 1314426                    /usr/lib/jvm/java-6-sun-1.6.0.22/jre/lib/amd64/libjsound.so
7f0f6381a000-7f0f6381c000 rwxp 00000000 00:00 0 
7f0f6381c000-7f0f6381f000 ---p 00000000 00:00 0 
7f0f6381f000-7f0f6391d000 rwxp 00000000 00:00 0 
7f0f6391d000-7f0f639c6000 r-xp 00000000 08:06 1314427                    /usr/lib/jvm/java-6-sun-1.6.0.22/jre/lib/amd64/libmlib_image.so
7f0f639c6000-7f0f63ac5000 ---p 000a9000 08:06 1314427                    /usr/lib/jvm/java-6-sun-1.6.0.22/jre/lib/amd64/libmlib_image.so
7f0f63ac5000-7f0f63acc000 rwxp 000a8000 08:06 1314427                    /usr/lib/jvm/java-6-sun-1.6.0.22/jre/lib/amd64/libmlib_image.so
7f0f63acc000-7f0f63ae2000 r-xp 00000000 08:06 1314443                    /usr/lib/jvm/java-6-sun-1.6.0.22/jre/lib/amd64/libdcpr.so
7f0f63ae2000-7f0f63be4000 ---p 00016000 08:06 1314443                    /usr/lib/jvm/java-6-sun-1.6.0.22/jre/lib/amd64/libdcpr.so
7f0f63be4000-7f0f63bfc000 rwxp 00018000 08:06 1314443                    /usr/lib/jvm/java-6-sun-1.6.0.22/jre/lib/amd64/libdcpr.so
7f0f63bfc000-7f0f63bff000 ---p 00000000 00:00 0 
7f0f63bff000-7f0f63cfd000 rwxp 00000000 00:00 0 
7f0f63cfd000-7f0f63d00000 ---p 00000000 00:00 0 
7f0f63d00000-7f0f63dfe000 rwxp 00000000 00:00 0 
7f0f63dfe000-7f0f63e01000 ---p 00000000 00:00 0 
7f0f63e01000-7f0f63eff000 rwxp 00000000 00:00 0 
7f0f63eff000-7f0f63f02000 ---p 00000000 00:00 0 
7f0f63f02000-7f0f64000000 rwxp 00000000 00:00 0 
7f0f64000000-7f0f64cca000 rwxp 00000000 00:00 0 
7f0f64cca000-7f0f68000000 ---p 00000000 00:00 0 
7f0f68002000-7f0f6800f000 rwxs 00000000 00:09 18677827                   /SYSV00000000 (deleted)
7f0f6801a000-7f0f68022000 r-xs 00115000 08:06 1314487                    /usr/lib/jvm/java-6-sun-1.6.0.22/jre/lib/resources.jar
7f0f68022000-7f0f6802d000 rwxs 00000000 00:09 18972714                   /SYSV00000000 (deleted)
7f0f6802d000-7f0f68030000 ---p 00000000 00:00 0 
7f0f68030000-7f0f6812e000 rwxp 00000000 00:00 0 
7f0f6812e000-7f0f68131000 ---p 00000000 00:00 0 
7f0f68131000-7f0f6822f000 rwxp 00000000 00:00 0 
7f0f6822f000-7f0f68232000 ---p 00000000 00:00 0 
7f0f68232000-7f0f68330000 rwxp 00000000 00:00 0 
7f0f68330000-7f0f68333000 ---p 00000000 00:00 0 
7f0f68333000-7f0f68431000 rwxp 00000000 00:00 0 
7f0f68431000-7f0f68434000 ---p 00000000 00:00 0 
7f0f68434000-7f0f68532000 rwxp 00000000 00:00 0 
7f0f68532000-7f0f6855a000 r-xs 00000000 08:06 200306                     /var/cache/fontconfig/4ca92cf76c0cf3dfa7f011127eff595d-x86-64.cache-2
7f0f6855c000-7f0f6855d000 rwxs 00000000 00:09 19136588                   /SYSV00000000 (deleted)
7f0f6855d000-7f0f6855f000 rwxs 00000000 00:09 14385199                   /SYSV00282929 (deleted)
7f0f6855f000-7f0f68560000 rwxp 00000000 00:00 0 
7f0f68560000-7f0f68563000 r-xs 000cb000 08:06 1315129                    /usr/lib/jvm/java-6-sun-1.6.0.22/jre/lib/ext/localedata.jar
7f0f68563000-7f0f68566000 r-xs 00034000 08:08 1574289                    /mnt/data/Code/java/praxis/praxis/build/cluster/modules/net-neilcsmith-praxis-gui.jar
7f0f68566000-7f0f68567000 r-xs 00007000 08:08 1575017                    /mnt/data/Code/java/praxis/praxis/build/cluster/modules/net-neilcsmith-praxis-video-janino.jar
7f0f68567000-7f0f68571000 r-xs 0008d000 08:08 1574790                    /mnt/data/Code/java/praxis/praxis/build/cluster/modules/ext/janino.jar
7f0f68571000-7f0f68572000 r-xs 00000000 08:08 1574788                    /mnt/data/Code/java/praxis/praxis/build/cluster/modules/org-codehaus-janino.jar
7f0f68572000-7f0f68575000 r-xs 00014000 08:08 1573717                    /mnt/data/Code/java/praxis/praxis/build/cluster/modules/net-neilcsmith-praxis-components.jar
7f0f68575000-7f0f68576000 r-xs 00001000 08:08 1575123                    /mnt/data/Code/java/praxis/praxis/build/cluster/modules/net-neilcsmith-praxis-video-gstreamer.jar
7f0f68576000-7f0f6857a000 r-xs 00029000 08:08 1574777                    /mnt/data/Code/java/praxis/praxis/build/cluster/modules/net-neilcsmith-praxis-video.jar
7f0f6857a000-7f0f6857b000 r-xs 0000e000 08:08 1573997                    /mnt/data/Code/java/praxis/praxis/build/cluster/modules/net-neilcsmith-praxis-midi.jar
7f0f6857b000-7f0f6857d000 r-xs 00001000 08:08 1574177                    /mnt/data/Code/java/praxis/praxis/build/cluster/modules/net-neilcsmith-praxis-util.jar
7f0f6857d000-7f0f6857f000 r-xs 0000b000 08:08 1575104                    /mnt/data/Code/java/praxis/praxis/build/cluster/modules/net-neilcsmith-ripl-gstreamer.jar
7f0f6857f000-7f0f68582000 r-xs 0001f000 08:08 1574485                    /mnt/data/Code/java/praxis/praxis/build/cluster/modules/net-neilcsmith-praxis-audio.jar
7f0f68582000-7f0f68584000 r-xs 0000f000 08:08 1573344                    /mnt/data/Code/java/praxis/praxis/build/cluster/modules/net-neilcsmith-audioservers-javasound.jar
7f0f68584000-7f0f68585000 r-xs 00003000 08:08 1573436                    /mnt/data/Code/java/praxis/praxis/build/cluster/modules/net-neilcsmith-audioservers-jack.jar
7f0f68585000-7f0f68587000 r-xs 00015000 08:08 1573418                    /mnt/data/Code/java/praxis/praxis/build/cluster/modules/net-neilcsmith-jnajack.jar
7f0f68612000-7f0f68619000 r-xp 00000000 08:06 1314411                    /usr/lib/jvm/java-6-sun-1.6.0.22/jre/lib/amd64/libnio.so
7f0f68619000-7f0f68718000 ---p 00007000 08:06 1314411                    /usr/lib/jvm/java-6-sun-1.6.0.22/jre/lib/amd64/libnio.so
7f0f68718000-7f0f6871a000 rwxp 00006000 08:06 1314411                    /usr/lib/jvm/java-6-sun-1.6.0.22/jre/lib/amd64/libnio.so
7f0f6871a000-7f0f6871d000 ---p 00000000 00:00 0 
7f0f6871d000-7f0f6881b000 rwxp 00000000 00:00 0 
7f0f6881b000-7f0f68820000 r-xp 00000000 08:06 3502                       /usr/lib/libXfixes.so.3.1.0
7f0f68820000-7f0f68a1f000 ---p 00005000 08:06 3502                       /usr/lib/libXfixes.so.3.1.0
7f0f68a1f000-7f0f68a20000 r-xp 00004000 08:06 3502                       /usr/lib/libXfixes.so.3.1.0
7f0f68a20000-7f0f68a21000 rwxp 00005000 08:06 3502                       /usr/lib/libXfixes.so.3.1.0
7f0f68a21000-7f0f68a2a000 r-xp 00000000 08:06 3522                       /usr/lib/libXrender.so.1.3.0
7f0f68a2a000-7f0f68c29000 ---p 00009000 08:06 3522                       /usr/lib/libXrender.so.1.3.0
7f0f68c29000-7f0f68c2a000 r-xp 00008000 08:06 3522                       /usr/lib/libXrender.so.1.3.0
7f0f68c2a000-7f0f68c2b000 rwxp 00009000 08:06 3522                       /usr/lib/libXrender.so.1.3.0
7f0f68c2b000-7f0f68c34000 r-xp 00000000 08:06 3494                       /usr/lib/libXcursor.so.1.0.2
7f0f68c34000-7f0f68e33000 ---p 00009000 08:06 3494                       /usr/lib/libXcursor.so.1.0.2
7f0f68e33000-7f0f68e34000 r-xp 00008000 08:06 3494                       /usr/lib/libXcursor.so.1.0.2
7f0f68e34000-7f0f68e35000 rwxp 00009000 08:06 3494                       /usr/lib/libXcursor.so.1.0.2
7f0f68e35000-7f0f68e36000 rwxp 00000000 00:00 0 
7f0f68e36000-7f0f68e46000 r-xs 00083000 08:08 1575072                    /mnt/data/Code/java/praxis/praxis/build/cluster/modules/ext/gstreamer-java-bin-1.1.jar
7f0f68e46000-7f0f68e47000 r-xs 00000000 08:08 1575070                    /mnt/data/Code/java/praxis/praxis/build/cluster/modules/org-gstreamer.jar
7f0f68e47000-7f0f68e4a000 r-xs 000c0000 08:08 1573173                    /mnt/data/Code/java/praxis/praxis/build/cluster/modules/ext/jna-3.0.9.jar
7f0f68e4a000-7f0f68e4b000 r-xs 00000000 08:08 1573167                    /mnt/data/Code/java/praxis/praxis/build/cluster/modules/com-sun-jna.jar
7f0f68e4b000-7f0f68e4d000 r-xs 00010000 08:08 1574135                    /mnt/data/Code/java/praxis/praxis/build/cluster/modules/net-neilcsmith-praxis-player.jar
7f0f68e4d000-7f0f68e51000 r-xs 00023000 08:08 1574087                    /mnt/data/Code/java/praxis/praxis/build/cluster/modules/net-neilcsmith-praxis-script.jar
7f0f68e51000-7f0f68e54000 ---p 00000000 00:00 0 
7f0f68e54000-7f0f68f52000 rwxp 00000000 00:00 0 
7f0f68f52000-7f0f68fcb000 r-xp 00000000 08:06 1314418                    /usr/lib/jvm/java-6-sun-1.6.0.22/jre/lib/amd64/libfontmanager.so
7f0f68fcb000-7f0f690ca000 ---p 00079000 08:06 1314418                    /usr/lib/jvm/java-6-sun-1.6.0.22/jre/lib/amd64/libfontmanager.so
7f0f690ca000-7f0f690df000 rwxp 00078000 08:06 1314418                    /usr/lib/jvm/java-6-sun-1.6.0.22/jre/lib/amd64/libfontmanager.so
7f0f690df000-7f0f690f0000 rwxp 00000000 00:00 0 
7f0f690f0000-7f0f690f5000 r-xp 00000000 08:06 3498                       /usr/lib/libXdmcp.so.6.0.0
7f0f690f5000-7f0f692f4000 ---p 00005000 08:06 3498                       /usr/lib/libXdmcp.so.6.0.0
7f0f692f4000-7f0f692f5000 rwxp 00004000 08:06 3498                       /usr/lib/libXdmcp.so.6.0.0
7f0f692f5000-7f0f69310000 r-xp 00000000 08:06 4660                       /usr/lib/libxcb.so.1.1.0
7f0f69310000-7f0f6950f000 ---p 0001b000 08:06 4660                       /usr/lib/libxcb.so.1.1.0
7f0f6950f000-7f0f69510000 r-xp 0001a000 08:06 4660                       /usr/lib/libxcb.so.1.1.0
7f0f69510000-7f0f69511000 rwxp 0001b000 08:06 4660                       /usr/lib/libxcb.so.1.1.0
7f0f69511000-7f0f69513000 r-xp 00000000 08:06 3487                       /usr/lib/libXau.so.6.0.0
7f0f69513000-7f0f69712000 ---p 00002000 08:06 3487                       /usr/lib/libXau.so.6.0.0
7f0f69712000-7f0f69713000 r-xp 00001000 08:06 3487                       /usr/lib/libXau.so.6.0.0
7f0f69713000-7f0f69714000 rwxp 00002000 08:06 3487                       /usr/lib/libXau.so.6.0.0
7f0f69714000-7f0f6971d000 r-xp 00000000 08:06 3508                       /usr/lib/libXi.so.6.0.0
7f0f6971d000-7f0f6991d000 ---p 00009000 08:06 3508                       /usr/lib/libXi.so.6.0.0
7f0f6991d000-7f0f6991e000 r-xp 00009000 08:06 3508                       /usr/lib/libXi.so.6.0.0
7f0f6991e000-7f0f6991f000 rwxp 0000a000 08:06 3508                       /usr/lib/libXi.so.6.0.0
7f0f6991f000-7f0f69924000 r-xp 00000000 08:06 3528                       /usr/lib/libXtst.so.6.1.0
7f0f69924000-7f0f69b24000 ---p 00005000 08:06 3528                       /usr/lib/libXtst.so.6.1.0
7f0f69b24000-7f0f69b25000 r-xp 00005000 08:06 3528                       /usr/lib/libXtst.so.6.1.0
7f0f69b25000-7f0f69b26000 rwxp 00006000 08:06 3528                       /usr/lib/libXtst.so.6.1.0
7f0f69b26000-7f0f69c57000 r-xp 00000000 08:06 3481                       /usr/lib/libX11.so.6.2.0
7f0f69c57000-7f0f69e57000 ---p 00131000 08:06 3481                       /usr/lib/libX11.so.6.2.0
7f0f69e57000-7f0f69e58000 r-xp 00131000 08:06 3481                       /usr/lib/libX11.so.6.2.0
7f0f69e58000-7f0f69e5c000 rwxp 00132000 08:06 3481                       /usr/lib/libX11.so.6.2.0
7f0f69e5c000-7f0f69e6d000 r-xp 00000000 08:06 3500                       /usr/lib/libXext.so.6.4.0
7f0f69e6d000-7f0f6a06c000 ---p 00011000 08:06 3500                       /usr/lib/libXext.so.6.4.0
7f0f6a06c000-7f0f6a06d000 r-xp 00010000 08:06 3500                       /usr/lib/libXext.so.6.4.0
7f0f6a06d000-7f0f6a06e000 rwxp 00011000 08:06 3500                       /usr/lib/libXext.so.6.4.0
7f0f6a06e000-7f0f6a0b0000 r-xp 00000000 08:06 1314408                    /usr/lib/jvm/java-6-sun-1.6.0.22/jre/lib/amd64/xawt/libmawt.so
7f0f6a0b0000-7f0f6a1af000 ---p 00042000 08:06 1314408                    /usr/lib/jvm/java-6-sun-1.6.0.22/jre/lib/amd64/xawt/libmawt.so
7f0f6a1af000-7f0f6a1ba000 rwxp 00041000 08:06 1314408                    /usr/lib/jvm/java-6-sun-1.6.0.22/jre/lib/amd64/xawt/libmawt.so
7f0f6a1ba000-7f0f6a1bc000 rwxp 00000000 00:00 0 
7f0f6a1bc000-7f0f6a24e000 r-xp 00000000 08:06 1314453                    /usr/lib/jvm/java-6-sun-1.6.0.22/jre/lib/amd64/libawt.so
7f0f6a24e000-7f0f6a34d000 ---p 00092000 08:06 1314453                    /usr/lib/jvm/java-6-sun-1.6.0.22/jre/lib/amd64/libawt.so
7f0f6a34d000-7f0f6a366000 rwxp 00091000 08:06 1314453                    /usr/lib/jvm/java-6-sun-1.6.0.22/jre/lib/amd64/libawt.so
7f0f6a366000-7f0f6a38b000 rwxp 00000000 00:00 0 
7f0f6a38b000-7f0f6a38e000 ---p 00000000 00:00 0 
7f0f6a38e000-7f0f6a48c000 rwxp 00000000 00:00 0 
7f0f6a48c000-7f0f6a48f000 ---p 00000000 00:00 0 
7f0f6a48f000-7f0f6a58d000 rwxp 00000000 00:00 0 
7f0f6a58d000-7f0f6a590000 ---p 00000000 00:00 0 
7f0f6a590000-7f0f6a68e000 rwxp 00000000 00:00 0 
7f0f6a68e000-7f0f6a6a1000 r-xp 00000000 08:06 1314410                    /usr/lib/jvm/java-6-sun-1.6.0.22/jre/lib/amd64/libnet.so
7f0f6a6a1000-7f0f6a7a2000 ---p 00013000 08:06 1314410                    /usr/lib/jvm/java-6-sun-1.6.0.22/jre/lib/amd64/libnet.so
7f0f6a7a2000-7f0f6a7a5000 rwxp 00014000 08:06 1314410                    /usr/lib/jvm/java-6-sun-1.6.0.22/jre/lib/amd64/libnet.so
7f0f6a7a5000-7f0f6a7a8000 ---p 00000000 00:00 0 
7f0f6a7a8000-7f0f6a8a6000 rwxp 00000000 00:00 0 
7f0f6a8a6000-7f0f6a8a9000 ---p 00000000 00:00 0 
7f0f6a8a9000-7f0f6a9a7000 rwxp 00000000 00:00 0 
7f0f6a9a7000-7f0f6a9a8000 r-xs 00001000 08:08 1573157                    /mnt/data/Code/java/praxis/praxis/build/cluster/core/locale/core_praxis.jar
7f0f6a9a8000-7f0f6a9a9000 r-xs 00001000 08:06 523435                     /home/nsigma/bin/netbeans-6.8/platform11/core/locale/org-openide-filesystems_pt_BR.jar
7f0f6a9a9000-7f0f6a9aa000 r-xs 00001000 08:06 523436                     /home/nsigma/bin/netbeans-6.8/platform11/core/locale/org-openide-filesystems_zh_CN.jar
7f0f6a9aa000-7f0f6a9ab000 r-xs 00001000 08:06 523653                     /home/nsigma/bin/netbeans-6.8/platform11/core/locale/core_ja.jar
7f0f6a9ab000-7f0f6a9ac000 r-xs 00001000 08:06 523641                     /home/nsigma/bin/netbeans-6.8/platform11/core/locale/core_zh_CN.jar
7f0f6a9ac000-7f0f6a9ad000 r-xs 00001000 08:06 523470                     /home/nsigma/bin/netbeans-6.8/platform11/core/locale/org-openide-filesystems_ja.jar
7f0f6a9ad000-7f0f6a9ae000 r-xs 00001000 08:06 523640                     /home/nsigma/bin/netbeans-6.8/platform11/core/locale/core_pt_BR.jar
7f0f6a9ae000-7f0f6a9b4000 r-xs 0009e000 08:06 523596                     /home/nsigma/bin/netbeans-6.8/platform11/core/org-openide-filesystems.jar
7f0f6a9b4000-7f0f6a9b9000 r-xs 00098000 08:06 523659                     /home/nsigma/bin/netbeans-6.8/platform11/core/core.jar
7f0f6a9b9000-7f0f6a9c0000 r-xs 000a2000 08:06 526373                     /home/nsigma/bin/netbeans-6.8/platform11/lib/org-openide-util.jar
7f0f6a9c0000-7f0f6a9c2000 r-xs 00006000 08:06 523638                     /home/nsigma/bin/netbeans-6.8/platform11/lib/org-openide-modules.jar
7f0f6a9c2000-7f0f6a9c4000 r-xs 0003f000 08:06 523660                     /home/nsigma/bin/netbeans-6.8/platform11/lib/boot.jar
7f0f6a9c4000-7f0f6a9c5000 ---p 00000000 00:00 0 
7f0f6a9c5000-7f0f6aac5000 rwxp 00000000 00:00 0 
7f0f6aac5000-7f0f6aac8000 ---p 00000000 00:00 0 
7f0f6aac8000-7f0f6abc6000 rwxp 00000000 00:00 0 
7f0f6abc6000-7f0f6abc9000 ---p 00000000 00:00 0 
7f0f6abc9000-7f0f6acc7000 rwxp 00000000 00:00 0 
7f0f6acc7000-7f0f6acca000 ---p 00000000 00:00 0 
7f0f6acca000-7f0f6adc8000 rwxp 00000000 00:00 0 
7f0f6adc8000-7f0f6adcb000 ---p 00000000 00:00 0 
7f0f6adcb000-7f0f6aec9000 rwxp 00000000 00:00 0 
7f0f6aec9000-7f0f6aecc000 ---p 00000000 00:00 0 
7f0f6aecc000-7f0f6afca000 rwxp 00000000 00:00 0 
7f0f6afca000-7f0f6afcd000 ---p 00000000 00:00 0 
7f0f6afcd000-7f0f6b0cb000 rwxp 00000000 00:00 0 
7f0f6b0cb000-7f0f6b0ce000 ---p 00000000 00:00 0 
7f0f6b0ce000-7f0f6b1cc000 rwxp 00000000 00:00 0 
7f0f6b1cc000-7f0f6b1cd000 ---p 00000000 00:00 0 
7f0f6b1cd000-7f0f6b2cd000 rwxp 00000000 00:00 0 
7f0f6b2cd000-7f0f6b465000 r-xs 03013000 08:06 1314404                    /usr/lib/jvm/java-6-sun-1.6.0.22/jre/lib/rt.jar
7f0f6b465000-7f0f6b466000 ---p 00000000 00:00 0 
7f0f6b466000-7f0f6b566000 rwxp 00000000 00:00 0 
7f0f6b566000-7f0f6b567000 ---p 00000000 00:00 0 
7f0f6b567000-7f0f6ba6b000 rwxp 00000000 00:00 0 
7f0f6ba6b000-7f0f6ba6c000 ---p 00000000 00:00 0 
7f0f6ba6c000-7f0fab700000 rwxp 00000000 00:00 0 
7f0fab700000-7f0fb2a00000 rwxp 00000000 00:00 0 
7f0fb2a00000-7f0fb4600000 rwxp 00000000 00:00 0 
7f0fb4600000-7f0fb7e00000 rwxp 00000000 00:00 0 
7f0fb7e00000-7f0fb7e02000 r-xs 00011000 08:08 1573185                    /mnt/data/Code/java/praxis/praxis/build/cluster/modules/ext/miglayout-3.7.2-swing.jar
7f0fb7e02000-7f0fb7e03000 r-xs 0000f000 08:08 1573750                    /mnt/data/Code/java/praxis/praxis/build/cluster/modules/net-neilcsmith-praxis-hub.jar
7f0fb7e03000-7f0fb7e08000 r-xs 00061000 08:08 1573954                    /mnt/data/Code/java/praxis/praxis/build/cluster/modules/net-neilcsmith-praxis-laf.jar
7f0fb7e08000-7f0fb7e0c000 r-xs 00034000 08:08 1574625                    /mnt/data/Code/java/praxis/praxis/build/cluster/modules/net-neilcsmith-ripl.jar
7f0fb7e0c000-7f0fb7e0f000 r-xs 00020000 08:08 1574391                    /mnt/data/Code/java/praxis/praxis/build/cluster/modules/net-neilcsmith-rapl.jar
7f0fb7e0f000-7f0fb7e10000 r-xs 00008000 08:08 1573274                    /mnt/data/Code/java/praxis/praxis/build/cluster/modules/net-neilcsmith-audioops-impl.jar
7f0fb7e10000-7f0fb7e12000 r-xs 00000000 08:08 1573302                    /mnt/data/Code/java/praxis/praxis/build/cluster/modules/net-neilcsmith-audioservers.jar
7f0fb7e12000-7f0fb7e15000 r-xs 00033000 08:08 1573645                    /mnt/data/Code/java/praxis/praxis/build/cluster/modules/net-neilcsmith-praxis-impl.jar
7f0fb7e15000-7f0fb7e41000 r-xs 00000000 08:06 200304                     /var/cache/fontconfig/6abf76b0b4cc7192703d8431ac929b75-x86-64.cache-2
7f0fb7e41000-7f0fb7e46000 r-xs 00000000 08:06 193456                     /var/cache/fontconfig/062808c12e6e608270f93bb230aed730-x86-64.cache-2
7f0fb7e46000-7f0fb7e47000 r-xs 00000000 08:06 200032                     /var/cache/fontconfig/a8d35ba226d862df35f7c320f882e11a-x86-64.cache-2
7f0fb7e47000-7f0fb7e4c000 r-xs 00000000 08:06 200031                     /var/cache/fontconfig/515ca1ebc4b18308bea979be5704f9db-x86-64.cache-2
7f0fb7e4c000-7f0fb7e55000 r-xs 00000000 08:06 200030                     /var/cache/fontconfig/6d41288fd70b0be22e8c3a91e032eec0-x86-64.cache-2
7f0fb7e55000-7f0fb7e56000 r-xs 00000000 08:06 219304                     /var/cache/fontconfig/9451a55048e8dbe8633e64d34165fdf2-x86-64.cache-2
7f0fb7e56000-7f0fb7e57000 r-xs 00000000 08:06 235070                     /var/cache/fontconfig/4794a0821666d79190d59a36cb4f44b5-x86-64.cache-2
7f0fb7e57000-7f0fb7e85000 r-xs 00000000 08:06 200023                     /var/cache/fontconfig/365b55f210c0a22e9a19e35191240f32-x86-64.cache-2
7f0fb7e85000-7f0fb7eff000 r-xs 00000000 08:06 198151                     /var/cache/fontconfig/b80ce64a4bd0ac846cde5fbdd290c01c-x86-64.cache-2
7f0fb7eff000-7f0fb7f00000 ---p 00000000 00:00 0 
7f0fb7f00000-7f0fb8000000 rwxp 00000000 00:00 0 
7f0fb8000000-7f0fb85df000 rwxp 00000000 00:00 0 
7f0fb85df000-7f0fbc000000 ---p 00000000 00:00 0 
7f0fbc000000-7f0fbc001000 r-xs 00009000 08:08 1574158                    /mnt/data/Code/java/praxis/praxis/build/cluster/modules/net-neilcsmith-praxis-swing.jar
7f0fbc001000-7f0fbc002000 r-xs 00000000 08:08 1573183                    /mnt/data/Code/java/praxis/praxis/build/cluster/modules/net-miginfocom.jar
7f0fbc002000-7f0fbc005000 r-xs 00022000 08:08 1573532                    /mnt/data/Code/java/praxis/praxis/build/cluster/modules/net-neilcsmith-praxis-core.jar
7f0fbc005000-7f0fbc006000 r-xs 0000f000 08:06 523494                     /home/nsigma/bin/netbeans-6.8/platform11/modules/org-netbeans-modules-sendopts.jar
7f0fbc006000-7f0fbc007000 r-xs 00000000 08:08 1573288                    /mnt/data/Code/java/praxis/praxis/build/cluster/modules/net-neilcsmith-audioops-impl-gpl.jar
7f0fbc007000-7f0fbc008000 r-xs 00000000 08:08 1573196                    /mnt/data/Code/java/praxis/praxis/build/cluster/modules/net-neilcsmith-audioops.jar
7f0fbc008000-7f0fbc009000 r-xs 00000000 08:06 193199                     /var/cache/fontconfig/c05880de57d1f5e948fdfacc138775d9-x86-64.cache-2
7f0fbc009000-7f0fbc012000 r-xs 00000000 08:06 193133                     /var/cache/fontconfig/945677eb7aeaf62f1d50efc3fb3ec7d8-x86-64.cache-2
7f0fbc012000-7f0fbc016000 r-xs 00000000 08:06 192762                     /var/cache/fontconfig/6eb3985aa4124903f6ff08ba781cd364-x86-64.cache-2
7f0fbc016000-7f0fbc018000 r-xs 00000000 08:06 196737                     /var/cache/fontconfig/2c5ba8142dffc8bf0377700342b8ca1a-x86-64.cache-2
7f0fbc018000-7f0fbc022000 r-xs 00000000 08:06 196738                     /var/cache/fontconfig/d52a8644073d54c13679302ca1180695-x86-64.cache-2
7f0fbc022000-7f0fbc023000 r-xs 00000000 08:06 199953                     /var/cache/fontconfig/2ce378776740ec555c7a47a38e02269a-x86-64.cache-2
7f0fbc023000-7f0fbc029000 r-xs 00000000 08:06 198281                     /var/cache/fontconfig/105b9c7e6f0a4f82d8c9b6e39c52c6f9-x86-64.cache-2
7f0fbc029000-7f0fbc088000 r-xs 00baa000 08:06 1314259                    /usr/lib/jvm/java-6-sun-1.6.0.22/lib/tools.jar
7f0fbc088000-7f0fbc08f000 r-xs 00000000 08:06 133315                     /usr/lib/gconv/gconv-modules.cache
7f0fbc08f000-7f0fbc0ce000 r-xp 00000000 08:06 265642                     /usr/lib/locale/en_GB.utf8/LC_CTYPE
7f0fbc0ce000-7f0fbc311000 rwxp 00000000 00:00 0 
7f0fbc311000-7f0fbc375000 rwxp 00000000 00:00 0 
7f0fbc375000-7f0fbc384000 rwxp 00000000 00:00 0 
7f0fbc384000-7f0fbc3a0000 rwxp 00000000 00:00 0 
7f0fbc3a0000-7f0fbc546000 rwxp 00000000 00:00 0 
7f0fbc546000-7f0fbc57f000 rwxp 00000000 00:00 0 
7f0fbc57f000-7f0fbc58d000 rwxp 00000000 00:00 0 
7f0fbc58d000-7f0fbc5a9000 rwxp 00000000 00:00 0 
7f0fbc5a9000-7f0fbc5aa000 rwxp 00000000 00:00 0 
7f0fbc5aa000-7f0fbc5ab000 ---p 00000000 00:00 0 
7f0fbc5ab000-7f0fbc6ab000 rwxp 00000000 00:00 0 
7f0fbc6ab000-7f0fbc6ac000 ---p 00000000 00:00 0 
7f0fbc6ac000-7f0fbc7ac000 rwxp 00000000 00:00 0 
7f0fbc7ac000-7f0fbc7ad000 ---p 00000000 00:00 0 
7f0fbc7ad000-7f0fbc8ad000 rwxp 00000000 00:00 0 
7f0fbc8ad000-7f0fbc8ae000 ---p 00000000 00:00 0 
7f0fbc8ae000-7f0fbcdb2000 rwxp 00000000 00:00 0 
7f0fbcdb2000-7f0fbcdb3000 ---p 00000000 00:00 0 
7f0fbcdb3000-7f0fbceb3000 rwxp 00000000 00:00 0 
7f0fbceb3000-7f0fbceb4000 ---p 00000000 00:00 0 
7f0fbceb4000-7f0fbcfb4000 rwxp 00000000 00:00 0 
7f0fbcfb4000-7f0fbcfb5000 ---p 00000000 00:00 0 
7f0fbcfb5000-7f0fbd0b5000 rwxp 00000000 00:00 0 
7f0fbd0b5000-7f0fbd0b6000 ---p 00000000 00:00 0 
7f0fbd0b6000-7f0fbd426000 rwxp 00000000 00:00 0 
7f0fbd426000-7f0fc01b6000 rwxp 00000000 00:00 0 
7f0fc01b6000-7f0fc01c4000 r-xp 00000000 08:06 1314420                    /usr/lib/jvm/java-6-sun-1.6.0.22/jre/lib/amd64/libzip.so
7f0fc01c4000-7f0fc02c6000 ---p 0000e000 08:06 1314420                    /usr/lib/jvm/java-6-sun-1.6.0.22/jre/lib/amd64/libzip.so
7f0fc02c6000-7f0fc02c9000 rwxp 00010000 08:06 1314420                    /usr/lib/jvm/java-6-sun-1.6.0.22/jre/lib/amd64/libzip.so
7f0fc02c9000-7f0fc02ca000 rwxp 00000000 00:00 0 
7f0fc02ca000-7f0fc02d6000 r-xp 00000000 08:06 1385                       /lib/libnss_files-2.10.1.so
7f0fc02d6000-7f0fc04d5000 ---p 0000c000 08:06 1385                       /lib/libnss_files-2.10.1.so
7f0fc04d5000-7f0fc04d6000 r-xp 0000b000 08:06 1385                       /lib/libnss_files-2.10.1.so
7f0fc04d6000-7f0fc04d7000 rwxp 0000c000 08:06 1385                       /lib/libnss_files-2.10.1.so
7f0fc04d7000-7f0fc04e1000 r-xp 00000000 08:06 1402                       /lib/libnss_nis-2.10.1.so
7f0fc04e1000-7f0fc06e0000 ---p 0000a000 08:06 1402                       /lib/libnss_nis-2.10.1.so
7f0fc06e0000-7f0fc06e1000 r-xp 00009000 08:06 1402                       /lib/libnss_nis-2.10.1.so
7f0fc06e1000-7f0fc06e2000 rwxp 0000a000 08:06 1402                       /lib/libnss_nis-2.10.1.so
7f0fc06e2000-7f0fc06e9000 r-xp 00000000 08:06 1381                       /lib/libnss_compat-2.10.1.so
7f0fc06e9000-7f0fc08e9000 ---p 00007000 08:06 1381                       /lib/libnss_compat-2.10.1.so
7f0fc08e9000-7f0fc08ea000 r-xp 00007000 08:06 1381                       /lib/libnss_compat-2.10.1.so
7f0fc08ea000-7f0fc08eb000 rwxp 00008000 08:06 1381                       /lib/libnss_compat-2.10.1.so
7f0fc08eb000-7f0fc08f2000 r-xp 00000000 08:06 1314422                    /usr/lib/jvm/java-6-sun-1.6.0.22/jre/lib/amd64/native_threads/libhpi.so
7f0fc08f2000-7f0fc09f3000 ---p 00007000 08:06 1314422                    /usr/lib/jvm/java-6-sun-1.6.0.22/jre/lib/amd64/native_threads/libhpi.so
7f0fc09f3000-7f0fc09f5000 rwxp 00008000 08:06 1314422                    /usr/lib/jvm/java-6-sun-1.6.0.22/jre/lib/amd64/native_threads/libhpi.so
7f0fc09f5000-7f0fc09f6000 rwxp 00000000 00:00 0 
7f0fc09f6000-7f0fc0a0c000 r-xp 00000000 08:06 1414                       /lib/libnsl-2.10.1.so
7f0fc0a0c000-7f0fc0c0c000 ---p 00016000 08:06 1414                       /lib/libnsl-2.10.1.so
7f0fc0c0c000-7f0fc0c0d000 r-xp 00016000 08:06 1414                       /lib/libnsl-2.10.1.so
7f0fc0c0d000-7f0fc0c0e000 rwxp 00017000 08:06 1414                       /lib/libnsl-2.10.1.so
7f0fc0c0e000-7f0fc0c10000 rwxp 00000000 00:00 0 
7f0fc0c10000-7f0fc0c38000 r-xp 00000000 08:06 1314433                    /usr/lib/jvm/java-6-sun-1.6.0.22/jre/lib/amd64/libjava.so
7f0fc0c38000-7f0fc0d38000 ---p 00028000 08:06 1314433                    /usr/lib/jvm/java-6-sun-1.6.0.22/jre/lib/amd64/libjava.so
7f0fc0d38000-7f0fc0d3f000 rwxp 00028000 08:06 1314433                    /usr/lib/jvm/java-6-sun-1.6.0.22/jre/lib/amd64/libjava.so
7f0fc0d3f000-7f0fc0d4c000 r-xp 00000000 08:06 1314415                    /usr/lib/jvm/java-6-sun-1.6.0.22/jre/lib/amd64/libverify.so
7f0fc0d4c000-7f0fc0e4b000 ---p 0000d000 08:06 1314415                    /usr/lib/jvm/java-6-sun-1.6.0.22/jre/lib/amd64/libverify.so
7f0fc0e4b000-7f0fc0e4e000 rwxp 0000c000 08:06 1314415                    /usr/lib/jvm/java-6-sun-1.6.0.22/jre/lib/amd64/libverify.so
7f0fc0e4e000-7f0fc0e55000 r-xp 00000000 08:06 1394                       /lib/librt-2.10.1.so
7f0fc0e55000-7f0fc1054000 ---p 00007000 08:06 1394                       /lib/librt-2.10.1.so
7f0fc1054000-7f0fc1055000 r-xp 00006000 08:06 1394                       /lib/librt-2.10.1.so
7f0fc1055000-7f0fc1056000 rwxp 00007000 08:06 1394                       /lib/librt-2.10.1.so
7f0fc1056000-7f0fc1059000 ---p 00000000 00:00 0 
7f0fc1059000-7f0fc1157000 rwxp 00000000 00:00 0 
7f0fc1157000-7f0fc11d9000 r-xp 00000000 08:06 5582                       /lib/libm-2.10.1.so
7f0fc11d9000-7f0fc13d9000 ---p 00082000 08:06 5582                       /lib/libm-2.10.1.so
7f0fc13d9000-7f0fc13da000 r-xp 00082000 08:06 5582                       /lib/libm-2.10.1.so
7f0fc13da000-7f0fc13db000 rwxp 00083000 08:06 5582                       /lib/libm-2.10.1.so
7f0fc13db000-7f0fc1bb5000 r-xp 00000000 08:06 1314440                    /usr/lib/jvm/java-6-sun-1.6.0.22/jre/lib/amd64/server/libjvm.so
7f0fc1bb5000-7f0fc1cb7000 ---p 007da000 08:06 1314440                    /usr/lib/jvm/java-6-sun-1.6.0.22/jre/lib/amd64/server/libjvm.so
7f0fc1cb7000-7f0fc1e48000 rwxp 007dc000 08:06 1314440                    /usr/lib/jvm/java-6-sun-1.6.0.22/jre/lib/amd64/server/libjvm.so
7f0fc1e48000-7f0fc1e83000 rwxp 00000000 00:00 0 
7f0fc1e83000-7f0fc1fe9000 r-xp 00000000 08:06 1392                       /lib/libc-2.10.1.so
7f0fc1fe9000-7f0fc21e9000 ---p 00166000 08:06 1392                       /lib/libc-2.10.1.so
7f0fc21e9000-7f0fc21ed000 r-xp 00166000 08:06 1392                       /lib/libc-2.10.1.so
7f0fc21ed000-7f0fc21ee000 rwxp 0016a000 08:06 1392                       /lib/libc-2.10.1.so
7f0fc21ee000-7f0fc21f3000 rwxp 00000000 00:00 0 
7f0fc21f3000-7f0fc21f5000 r-xp 00000000 08:06 1383                       /lib/libdl-2.10.1.so
7f0fc21f5000-7f0fc23f5000 ---p 00002000 08:06 1383                       /lib/libdl-2.10.1.so
7f0fc23f5000-7f0fc23f6000 r-xp 00002000 08:06 1383                       /lib/libdl-2.10.1.so
7f0fc23f6000-7f0fc23f7000 rwxp 00003000 08:06 1383                       /lib/libdl-2.10.1.so
7f0fc23f7000-7f0fc240e000 r-xp 00000000 08:06 5581                       /lib/libpthread-2.10.1.so
7f0fc240e000-7f0fc260d000 ---p 00017000 08:06 5581                       /lib/libpthread-2.10.1.so
7f0fc260d000-7f0fc260e000 r-xp 00016000 08:06 5581                       /lib/libpthread-2.10.1.so
7f0fc260e000-7f0fc260f000 rwxp 00017000 08:06 5581                       /lib/libpthread-2.10.1.so
7f0fc260f000-7f0fc2613000 rwxp 00000000 00:00 0 
7f0fc2613000-7f0fc2632000 r-xp 00000000 08:06 1400                       /lib/ld-2.10.1.so
7f0fc2632000-7f0fc2633000 r-xs 00000000 08:06 193063                     /var/cache/fontconfig/79b7902a698c37d747b157374a08587f-x86-64.cache-2
7f0fc2633000-7f0fc263e000 r-xs 00000000 08:06 200343                     /var/cache/fontconfig/e13b20fdb08344e0e664864cc2ede53d-x86-64.cache-2
7f0fc263e000-7f0fc2645000 r-xs 00000000 08:06 244189                     /home/nsigma/.fontconfig/372f4cf779ea9c986c40a37c4fe5795a-x86-64.cache-2
7f0fc2645000-7f0fc264f000 rwxp 00000000 00:00 0 
7f0fc264f000-7f0fc2705000 rwxp 00000000 00:00 0 
7f0fc2705000-7f0fc2707000 rwxp 00000000 00:00 0 
7f0fc2707000-7f0fc270e000 r-xp 00000000 08:06 1314406                    /usr/lib/jvm/java-6-sun-1.6.0.22/jre/lib/amd64/jli/libjli.so
7f0fc270e000-7f0fc280f000 ---p 00007000 08:06 1314406                    /usr/lib/jvm/java-6-sun-1.6.0.22/jre/lib/amd64/jli/libjli.so
7f0fc280f000-7f0fc2811000 rwxp 00008000 08:06 1314406                    /usr/lib/jvm/java-6-sun-1.6.0.22/jre/lib/amd64/jli/libjli.so
7f0fc2811000-7f0fc2812000 rwxp 00000000 00:00 0 
7f0fc2812000-7f0fc2813000 r-xs 00000000 08:06 219280                     /var/cache/fontconfig/9365dfacd52672c8a34fb71959a05f01-x86-64.cache-2
7f0fc2813000-7f0fc2814000 r-xs 00000000 08:06 200311                     /var/cache/fontconfig/acf24f57989d82ed5c91b60ef9c3a050-x86-64.cache-2
7f0fc2814000-7f0fc281a000 r-xs 0001e000 08:06 1314254                    /usr/lib/jvm/java-6-sun-1.6.0.22/lib/dt.jar
7f0fc281a000-7f0fc281b000 r-xs 00001000 08:06 526371                     /home/nsigma/bin/netbeans-6.8/platform11/lib/locale/org-openide-util_zh_CN.jar
7f0fc281b000-7f0fc281d000 r-xs 00000000 08:06 526369                     /home/nsigma/bin/netbeans-6.8/platform11/lib/locale/org-openide-util_pt_BR.jar
7f0fc281d000-7f0fc281e000 r-xs 00001000 08:06 526367                     /home/nsigma/bin/netbeans-6.8/platform11/lib/locale/org-openide-util_ja.jar
7f0fc281e000-7f0fc281f000 r-xs 00000000 08:06 523526                     /home/nsigma/bin/netbeans-6.8/platform11/lib/locale/org-openide-modules_zh_CN.jar
7f0fc281f000-7f0fc2820000 r-xs 00000000 08:06 523525                     /home/nsigma/bin/netbeans-6.8/platform11/lib/locale/org-openide-modules_pt_BR.jar
7f0fc2820000-7f0fc2821000 r-xs 00000000 08:06 523557                     /home/nsigma/bin/netbeans-6.8/platform11/lib/locale/org-openide-modules_ja.jar
7f0fc2821000-7f0fc2822000 r-xs 00000000 08:06 523650                     /home/nsigma/bin/netbeans-6.8/platform11/lib/locale/boot_zh_CN.jar
7f0fc2822000-7f0fc2823000 r-xs 00000000 08:06 523651                     /home/nsigma/bin/netbeans-6.8/platform11/lib/locale/boot_pt_BR.jar
7f0fc2823000-7f0fc2824000 r-xs 00000000 08:06 523658                     /home/nsigma/bin/netbeans-6.8/platform11/lib/locale/boot_ja.jar
7f0fc2824000-7f0fc282c000 rwxs 00000000 08:06 1051321                    /tmp/hsperfdata_nsigma/5728
7f0fc282c000-7f0fc282d000 rwxp 00000000 00:00 0 
7f0fc282d000-7f0fc282e000 r-xp 00000000 00:00 0 
7f0fc282e000-7f0fc2831000 rwxp 00000000 00:00 0 
7f0fc2831000-7f0fc2832000 r-xp 0001e000 08:06 1400                       /lib/ld-2.10.1.so
7f0fc2832000-7f0fc2833000 rwxp 0001f000 08:06 1400                       /lib/ld-2.10.1.so
7fffac815000-7fffac82a000 rwxp 00000000 00:00 0                          [stack]
7fffac9ba000-7fffac9bb000 r-xp 00000000 00:00 0                          [vdso]
ffffffffff600000-ffffffffff601000 r-xp 00000000 00:00 0                  [vsyscall]

VM Arguments:
jvm_args: -Djdk.home=/usr/lib/jvm/java-6-sun-1.6.0.22 -Dnetbeans.system_http_proxy=DIRECT -Dnetbeans.system_http_non_proxy_hosts= -Dnetbeans.dirs=/mnt/data/Code/java/praxis/praxis/build/cluster:/home/nsigma/bin/netbeans-6.8/platform11 -Dnetbeans.home=/home/nsigma/bin/netbeans-6.8/platform11 -Dnetbeans.logger.console=true -ea -Djava.util.logging.config.file=logging.properties -XX:+UnlockExperimentalVMOptions -XX:+UseG1GC -XX:+HeapDumpOnOutOfMemoryError -XX:HeapDumpPath=build/testuserdir/var/log/heapdump.hprof 
java_command: org.netbeans.Main --userdir build/testuserdir --branding praxis --player
Launcher Type: SUN_STANDARD

Environment Variables:
PATH=/home/nsigma/bin:/usr/local/sbin:/usr/local/bin:/usr/sbin:/usr/bin:/sbin:/bin:/usr/games
USERNAME=nsigma
LD_LIBRARY_PATH=/usr/lib/jvm/java-6-sun-1.6.0.22/jre/lib/amd64/server:/usr/lib/jvm/java-6-sun-1.6.0.22/jre/lib/amd64:/usr/lib/jvm/java-6-sun-1.6.0.22/jre/../lib/amd64
SHELL=/bin/bash
DISPLAY=:0.0

Signal Handlers:
SIGSEGV: [libjvm.so+0x731250], sa_mask[0]=0x7ffbfeff, sa_flags=0x10000004
SIGBUS: [libjvm.so+0x731250], sa_mask[0]=0x7ffbfeff, sa_flags=0x10000004
SIGFPE: [libjvm.so+0x5f5e30], sa_mask[0]=0x7ffbfeff, sa_flags=0x10000004
SIGPIPE: [libjvm.so+0x5f5e30], sa_mask[0]=0x7ffbfeff, sa_flags=0x10000004
SIGXFSZ: [libjvm.so+0x5f5e30], sa_mask[0]=0x7ffbfeff, sa_flags=0x10000004
SIGILL: [libjvm.so+0x5f5e30], sa_mask[0]=0x7ffbfeff, sa_flags=0x10000004
SIGUSR1: SIG_DFL, sa_mask[0]=0x00000000, sa_flags=0x00000000
SIGUSR2: [libjvm.so+0x5f8650], sa_mask[0]=0x00000004, sa_flags=0x10000004
SIGHUP: [libjvm.so+0x5f83a0], sa_mask[0]=0x7ffbfeff, sa_flags=0x10000004
SIGINT: SIG_IGN, sa_mask[0]=0x00000000, sa_flags=0x00000000
SIGTERM: [libjvm.so+0x5f83a0], sa_mask[0]=0x7ffbfeff, sa_flags=0x10000004
SIGQUIT: [libjvm.so+0x5f83a0], sa_mask[0]=0x7ffbfeff, sa_flags=0x10000004


---------------  S Y S T E M  ---------------

OS:squeeze/sid

uname:Linux 2.6.31-22-generic #67-Ubuntu SMP Sat Oct 16 18:51:35 UTC 2010 x86_64
libc:glibc 2.10.1 NPTL 2.10.1 
rlimit: STACK 8192k, CORE 0k, NPROC infinity, NOFILE 1024, AS infinity
load average:0.01 0.05 0.09

CPU:total 4 (8 cores per cpu, 2 threads per core) family 6 model 37 stepping 2, cmov, cx8, fxsr, mmx, sse, sse2, sse3, ssse3, sse4.1, sse4.2, popcnt, ht

Memory: 4k page, physical 3917944k(35484k free), swap 8393920k(8285420k free)

vm_info: Java HotSpot(TM) 64-Bit Server VM (17.1-b03) for linux-amd64 JRE (1.6.0_22-b04), built on Sep 15 2010 01:07:59 by "java_re" with gcc 3.2.2 (SuSE Linux)

time: Mon Dec 13 10:04:33 2010
elapsed time: 83 seconds

